<?xml version="1.0" encoding="UTF-8"?>
<coverage generated="1570479948285" clover="3.2.0">
  <project timestamp="1570479948285" name="All files">
    <metrics statements="34" coveredstatements="31" conditionals="2" coveredconditionals="2" methods="16" coveredmethods="14" elements="52" coveredelements="47" complexity="0" loc="34" ncloc="34" packages="1" files="2" classes="2"/>
    <file name="firebase-authentication.js" path="C:\Users\Alejandra\Documents\Laboratoria\LIM010-social-network-ale\src\controller-firebase\firebase-authentication.js">
      <metrics statements="12" coveredstatements="12" conditionals="0" coveredconditionals="0" methods="6" coveredmethods="6"/>
      <line num="1" count="1" type="stmt"/>
      <line num="2" count="1" type="stmt"/>
      <line num="4" count="5" type="stmt"/>
      <line num="6" count="1" type="stmt"/>
      <line num="7" count="2" type="stmt"/>
      <line num="9" count="1" type="stmt"/>
      <line num="11" count="1" type="stmt"/>
      <line num="12" count="1" type="stmt"/>
      <line num="13" count="1" type="stmt"/>
      <line num="16" count="1" type="stmt"/>
      <line num="17" count="1" type="stmt"/>
      <line num="18" count="1" type="stmt"/>
    </file>
    <file name="firebase-post.js" path="C:\Users\Alejandra\Documents\Laboratoria\LIM010-social-network-ale\src\controller-firebase\firebase-post.js">
      <metrics statements="22" coveredstatements="19" conditionals="2" coveredconditionals="2" methods="10" coveredmethods="8"/>
      <line num="1" count="1" type="stmt"/>
      <line num="2" count="2" type="stmt"/>
      <line num="5" count="2" type="stmt"/>
      <line num="8" count="2" type="stmt"/>
      <line num="9" count="2" type="stmt"/>
      <line num="10" count="2" type="stmt"/>
      <line num="11" count="2" type="stmt"/>
      <line num="14" count="1" type="stmt"/>
      <line num="15" count="1" type="stmt"/>
      <line num="25" count="1" type="stmt"/>
      <line num="26" count="1" type="stmt"/>
      <line num="29" count="1" type="stmt"/>
      <line num="30" count="1" type="stmt"/>
      <line num="37" count="1" type="stmt"/>
      <line num="38" count="3" type="stmt"/>
      <line num="40" count="3" type="stmt"/>
      <line num="41" count="9" type="stmt"/>
      <line num="42" count="9" type="cond" truecount="2" falsecount="0"/>
      <line num="47" count="1" type="stmt"/>
      <line num="48" count="0" type="stmt"/>
      <line num="49" count="0" type="stmt"/>
      <line num="50" count="0" type="stmt"/>
    </file>
  </project>
</coverage>
