{"C:\\Users\\Alejandra\\Documents\\Laboratoria\\LIM010-social-network-ale\\src\\controller-firebase\\firebase-authentication.js": {"path":"C:\\Users\\Alejandra\\Documents\\Laboratoria\\LIM010-social-network-ale\\src\\controller-firebase\\firebase-authentication.js","statementMap":{"0":{"start":{"line":1,"column":26},"end":{"line":2,"column":66}},"1":{"start":{"line":2,"column":2},"end":{"line":2,"column":65}},"2":{"start":{"line":4,"column":27},"end":{"line":4,"column":60}},"3":{"start":{"line":4,"column":33},"end":{"line":4,"column":60}},"4":{"start":{"line":6,"column":22},"end":{"line":7,"column":62}},"5":{"start":{"line":7,"column":2},"end":{"line":7,"column":61}},"6":{"start":{"line":9,"column":28},"end":{"line":9,"column":59}},"7":{"start":{"line":9,"column":34},"end":{"line":9,"column":59}},"8":{"start":{"line":11,"column":32},"end":{"line":14,"column":1}},"9":{"start":{"line":12,"column":19},"end":{"line":12,"column":57}},"10":{"start":{"line":13,"column":2},"end":{"line":13,"column":51}},"11":{"start":{"line":16,"column":34},"end":{"line":19,"column":1}},"12":{"start":{"line":17,"column":19},"end":{"line":17,"column":59}},"13":{"start":{"line":18,"column":2},"end":{"line":18,"column":51}}},"fnMap":{"0":{"name":"(anonymous_0)","decl":{"start":{"line":1,"column":26},"end":{"line":1,"column":27}},"loc":{"start":{"line":2,"column":2},"end":{"line":2,"column":65}},"line":2},"1":{"name":"(anonymous_1)","decl":{"start":{"line":4,"column":27},"end":{"line":4,"column":28}},"loc":{"start":{"line":4,"column":33},"end":{"line":4,"column":60}},"line":4},"2":{"name":"(anonymous_2)","decl":{"start":{"line":6,"column":22},"end":{"line":6,"column":23}},"loc":{"start":{"line":7,"column":2},"end":{"line":7,"column":61}},"line":7},"3":{"name":"(anonymous_3)","decl":{"start":{"line":9,"column":28},"end":{"line":9,"column":29}},"loc":{"start":{"line":9,"column":34},"end":{"line":9,"column":59}},"line":9},"4":{"name":"(anonymous_4)","decl":{"start":{"line":11,"column":32},"end":{"line":11,"column":33}},"loc":{"start":{"line":11,"column":38},"end":{"line":14,"column":1}},"line":11},"5":{"name":"(anonymous_5)","decl":{"start":{"line":16,"column":34},"end":{"line":16,"column":35}},"loc":{"start":{"line":16,"column":40},"end":{"line":19,"column":1}},"line":16}},"branchMap":{},"s":{"0":1,"1":1,"2":1,"3":5,"4":1,"5":2,"6":1,"7":1,"8":1,"9":1,"10":1,"11":1,"12":1,"13":1},"f":{"0":1,"1":5,"2":2,"3":1,"4":1,"5":1},"b":{},"_coverageSchema":"43e27e138ebf9cfc5966b082cf9a028302ed4184","hash":"415bc0253825e8012507bf30a07d0f6fc5c19987"}
,"C:\\Users\\Alejandra\\Documents\\Laboratoria\\LIM010-social-network-ale\\src\\controller-firebase\\firebase-post.js": {"path":"C:\\Users\\Alejandra\\Documents\\Laboratoria\\LIM010-social-network-ale\\src\\controller-firebase\\firebase-post.js","statementMap":{"0":{"start":{"line":1,"column":24},"end":{"line":12,"column":1}},"1":{"start":{"line":2,"column":15},"end":{"line":4,"column":3}},"2":{"start":{"line":5,"column":15},"end":{"line":7,"column":3}},"3":{"start":{"line":8,"column":15},"end":{"line":8,"column":59}},"4":{"start":{"line":9,"column":15},"end":{"line":9,"column":59}},"5":{"start":{"line":10,"column":19},"end":{"line":10,"column":38}},"6":{"start":{"line":11,"column":2},"end":{"line":11,"column":18}},"7":{"start":{"line":14,"column":31},"end":{"line":23,"column":1}},"8":{"start":{"line":15,"column":2},"end":{"line":22,"column":4}},"9":{"start":{"line":25,"column":34},"end":{"line":27,"column":1}},"10":{"start":{"line":26,"column":2},"end":{"line":26,"column":59}},"11":{"start":{"line":29,"column":32},"end":{"line":35,"column":1}},"12":{"start":{"line":30,"column":2},"end":{"line":34,"column":4}},"13":{"start":{"line":37,"column":37},"end":{"line":44,"column":1}},"14":{"start":{"line":38,"column":2},"end":{"line":43,"column":6}},"15":{"start":{"line":40,"column":25},"end":{"line":40,"column":27}},"16":{"start":{"line":41,"column":6},"end":{"line":41,"column":83}},"17":{"start":{"line":41,"column":35},"end":{"line":41,"column":81}},"18":{"start":{"line":42,"column":6},"end":{"line":42,"column":99}},"19":{"start":{"line":42,"column":41},"end":{"line":42,"column":95}},"20":{"start":{"line":47,"column":27},"end":{"line":51,"column":1}},"21":{"start":{"line":48,"column":23},"end":{"line":48,"column":76}},"22":{"start":{"line":49,"column":2},"end":{"line":50,"column":53}},"23":{"start":{"line":50,"column":22},"end":{"line":50,"column":51}}},"fnMap":{"0":{"name":"(anonymous_0)","decl":{"start":{"line":1,"column":24},"end":{"line":1,"column":25}},"loc":{"start":{"line":1,"column":30},"end":{"line":12,"column":1}},"line":1},"1":{"name":"(anonymous_1)","decl":{"start":{"line":14,"column":31},"end":{"line":14,"column":32}},"loc":{"start":{"line":15,"column":2},"end":{"line":22,"column":4}},"line":15},"2":{"name":"(anonymous_2)","decl":{"start":{"line":25,"column":34},"end":{"line":25,"column":35}},"loc":{"start":{"line":26,"column":2},"end":{"line":26,"column":59}},"line":26},"3":{"name":"(anonymous_3)","decl":{"start":{"line":29,"column":32},"end":{"line":29,"column":33}},"loc":{"start":{"line":30,"column":2},"end":{"line":34,"column":4}},"line":30},"4":{"name":"(anonymous_4)","decl":{"start":{"line":37,"column":37},"end":{"line":37,"column":38}},"loc":{"start":{"line":38,"column":2},"end":{"line":43,"column":6}},"line":38},"5":{"name":"(anonymous_5)","decl":{"start":{"line":39,"column":16},"end":{"line":39,"column":17}},"loc":{"start":{"line":39,"column":35},"end":{"line":43,"column":5}},"line":39},"6":{"name":"(anonymous_6)","decl":{"start":{"line":41,"column":28},"end":{"line":41,"column":29}},"loc":{"start":{"line":41,"column":35},"end":{"line":41,"column":81}},"line":41},"7":{"name":"(anonymous_7)","decl":{"start":{"line":42,"column":33},"end":{"line":42,"column":34}},"loc":{"start":{"line":42,"column":41},"end":{"line":42,"column":95}},"line":42},"8":{"name":"(anonymous_8)","decl":{"start":{"line":47,"column":27},"end":{"line":47,"column":28}},"loc":{"start":{"line":47,"column":37},"end":{"line":51,"column":1}},"line":47},"9":{"name":"(anonymous_9)","decl":{"start":{"line":50,"column":10},"end":{"line":50,"column":11}},"loc":{"start":{"line":50,"column":22},"end":{"line":50,"column":51}},"line":50}},"branchMap":{"0":{"loc":{"start":{"line":42,"column":41},"end":{"line":42,"column":95}},"type":"binary-expr","locations":[{"start":{"line":42,"column":42},"end":{"line":42,"column":67}},{"start":{"line":42,"column":73},"end":{"line":42,"column":94}}],"line":42}},"s":{"0":1,"1":2,"2":2,"3":2,"4":2,"5":2,"6":2,"7":1,"8":1,"9":1,"10":1,"11":1,"12":1,"13":1,"14":2,"15":2,"16":2,"17":2,"18":2,"19":2,"20":1,"21":0,"22":0,"23":0},"f":{"0":2,"1":1,"2":1,"3":1,"4":2,"5":2,"6":2,"7":2,"8":0,"9":0},"b":{"0":[2,0]},"_coverageSchema":"43e27e138ebf9cfc5966b082cf9a028302ed4184","hash":"93aeee10ec1cc2590796dcbac4ca9061279750d6"}
}
