{"C:\\Users\\Alejandra\\Documents\\Laboratoria\\LIM010-social-network-ale\\src\\controller-firebase\\firebase-authentication.js": {"path":"C:\\Users\\Alejandra\\Documents\\Laboratoria\\LIM010-social-network-ale\\src\\controller-firebase\\firebase-authentication.js","statementMap":{"0":{"start":{"line":1,"column":26},"end":{"line":2,"column":66}},"1":{"start":{"line":2,"column":2},"end":{"line":2,"column":65}},"2":{"start":{"line":4,"column":27},"end":{"line":4,"column":60}},"3":{"start":{"line":4,"column":33},"end":{"line":4,"column":60}},"4":{"start":{"line":6,"column":22},"end":{"line":7,"column":62}},"5":{"start":{"line":7,"column":2},"end":{"line":7,"column":61}},"6":{"start":{"line":9,"column":28},"end":{"line":9,"column":59}},"7":{"start":{"line":9,"column":34},"end":{"line":9,"column":59}},"8":{"start":{"line":11,"column":32},"end":{"line":14,"column":1}},"9":{"start":{"line":12,"column":19},"end":{"line":12,"column":57}},"10":{"start":{"line":13,"column":2},"end":{"line":13,"column":51}},"11":{"start":{"line":16,"column":34},"end":{"line":19,"column":1}},"12":{"start":{"line":17,"column":19},"end":{"line":17,"column":59}},"13":{"start":{"line":18,"column":2},"end":{"line":18,"column":51}}},"fnMap":{"0":{"name":"(anonymous_0)","decl":{"start":{"line":1,"column":26},"end":{"line":1,"column":27}},"loc":{"start":{"line":2,"column":2},"end":{"line":2,"column":65}},"line":2},"1":{"name":"(anonymous_1)","decl":{"start":{"line":4,"column":27},"end":{"line":4,"column":28}},"loc":{"start":{"line":4,"column":33},"end":{"line":4,"column":60}},"line":4},"2":{"name":"(anonymous_2)","decl":{"start":{"line":6,"column":22},"end":{"line":6,"column":23}},"loc":{"start":{"line":7,"column":2},"end":{"line":7,"column":61}},"line":7},"3":{"name":"(anonymous_3)","decl":{"start":{"line":9,"column":28},"end":{"line":9,"column":29}},"loc":{"start":{"line":9,"column":34},"end":{"line":9,"column":59}},"line":9},"4":{"name":"(anonymous_4)","decl":{"start":{"line":11,"column":32},"end":{"line":11,"column":33}},"loc":{"start":{"line":11,"column":38},"end":{"line":14,"column":1}},"line":11},"5":{"name":"(anonymous_5)","decl":{"start":{"line":16,"column":34},"end":{"line":16,"column":35}},"loc":{"start":{"line":16,"column":40},"end":{"line":19,"column":1}},"line":16}},"branchMap":{},"s":{"0":1,"1":1,"2":1,"3":5,"4":1,"5":2,"6":1,"7":1,"8":1,"9":1,"10":1,"11":1,"12":1,"13":1},"f":{"0":1,"1":5,"2":2,"3":1,"4":1,"5":1},"b":{},"_coverageSchema":"43e27e138ebf9cfc5966b082cf9a028302ed4184","hash":"415bc0253825e8012507bf30a07d0f6fc5c19987"}
}
