TN:
SF:C:\Users\Alejandra\Documents\Laboratoria\LIM010-social-network-ale\src\controller-firebase\firebase-authentication.js
FN:1,(anonymous_0)
FN:4,(anonymous_1)
FN:6,(anonymous_2)
FN:9,(anonymous_3)
FN:11,(anonymous_4)
FN:16,(anonymous_5)
FNF:6
FNH:6
FNDA:1,(anonymous_0)
FNDA:5,(anonymous_1)
FNDA:2,(anonymous_2)
FNDA:1,(anonymous_3)
FNDA:1,(anonymous_4)
FNDA:1,(anonymous_5)
DA:1,1
DA:2,1
DA:4,5
DA:6,1
DA:7,2
DA:9,1
DA:11,1
DA:12,1
DA:13,1
DA:16,1
DA:17,1
DA:18,1
LF:12
LH:12
BRF:0
BRH:0
end_of_record
TN:
SF:C:\Users\Alejandra\Documents\Laboratoria\LIM010-social-network-ale\src\controller-firebase\firebase-post.js
FN:1,(anonymous_0)
FN:14,(anonymous_1)
FN:25,(anonymous_2)
FN:29,(anonymous_3)
FN:37,(anonymous_4)
FN:39,(anonymous_5)
FN:41,(anonymous_6)
FN:42,(anonymous_7)
FN:47,(anonymous_8)
FN:50,(anonymous_9)
FNF:10
FNH:8
FNDA:2,(anonymous_0)
FNDA:1,(anonymous_1)
FNDA:1,(anonymous_2)
FNDA:1,(anonymous_3)
FNDA:3,(anonymous_4)
FNDA:3,(anonymous_5)
FNDA:9,(anonymous_6)
FNDA:9,(anonymous_7)
FNDA:0,(anonymous_8)
FNDA:0,(anonymous_9)
DA:1,1
DA:2,2
DA:5,2
DA:8,2
DA:9,2
DA:10,2
DA:11,2
DA:14,1
DA:15,1
DA:25,1
DA:26,1
DA:29,1
DA:30,1
DA:37,1
DA:38,3
DA:40,3
DA:41,9
DA:42,9
DA:47,1
DA:48,0
DA:49,0
DA:50,0
LF:22
LH:19
BRDA:42,0,0,9
BRDA:42,0,1,3
BRF:2
BRH:2
end_of_record
